{"/home/lucca-rendall/tdd-playground/src/factorial/factorial.js": {"path":"/home/lucca-rendall/tdd-playground/src/factorial/factorial.js","statementMap":{"0":{"start":{"line":2,"column":20},"end":{"line":2,"column":21}},"1":{"start":{"line":4,"column":4},"end":{"line":6,"column":5}},"2":{"start":{"line":4,"column":17},"end":{"line":4,"column":23}},"3":{"start":{"line":5,"column":8},"end":{"line":5,"column":34}},"4":{"start":{"line":8,"column":4},"end":{"line":8,"column":20}}},"fnMap":{"0":{"name":"(anonymous_0)","decl":{"start":{"line":1,"column":15},"end":{"line":1,"column":16}},"loc":{"start":{"line":1,"column":25},"end":{"line":9,"column":1}},"line":1}},"branchMap":{},"s":{"0":2,"1":2,"2":2,"3":7,"4":2},"f":{"0":2},"b":{},"_coverageSchema":"43e27e138ebf9cfc5966b082cf9a028302ed4184","hash":"59797621095cc13203c225a447e2298977454dd5"}
}
